UrduPoetry/app/build/intermediates/manifest_merge_blame_file/debug/manifest-merger-blame-debug-report.txt
1<?xml version="1.0" encoding="utf-8"?>
2<manifest xmlns:android="http://schemas.android.com/apk/res/android"
3    package="com.example.urdupoetry"
4    android:versionCode="1"
5    android:versionName="1.0" >
6
7    <uses-sdk
8        android:minSdkVersion="22"
8-->src/main/AndroidManifest.xml
9        android:targetSdkVersion="30" />
9-->src/main/AndroidManifest.xml
10
11    <uses-permission android:name="android.permission.INTERNET" />
11-->src/main/AndroidManifest.xml:5:5-67
11-->src/main/AndroidManifest.xml:5:22-64
12
13    <application
13-->src/main/AndroidManifest.xml:7:5-26:19
14        android:allowBackup="true"
14-->src/main/AndroidManifest.xml:8:9-35
15        android:appComponentFactory="androidx.core.app.CoreComponentFactory"
15-->[androidx.core:core:1.6.0] AndroidManifest.xml:24:18-86
16        android:debuggable="true"
17        android:icon="@mipmap/ic_launcher"
17-->src/main/AndroidManifest.xml:9:9-43
18        android:label="@string/app_name"
18-->src/main/AndroidManifest.xml:10:9-41
19        android:roundIcon="@mipmap/ic_launcher_round"
19-->src/main/AndroidManifest.xml:11:9-54
20        android:supportsRtl="true"
20-->src/main/AndroidManifest.xml:12:9-35
21        android:testOnly="true"
22        android:theme="@style/Theme.UrduPoetry" >
22-->src/main/AndroidManifest.xml:13:9-48
23        <activity
23-->src/main/AndroidManifest.xml:14:9-16:39
24            android:name="com.example.urdupoetry.activities.ViewPoetry"
24-->src/main/AndroidManifest.xml:15:13-50
25            android:exported="true" />
25-->src/main/AndroidManifest.xml:16:13-36
26        <activity
26-->src/main/AndroidManifest.xml:17:9-25:20
27            android:name="com.example.urdupoetry.activities.PoetryCategories"
27-->src/main/AndroidManifest.xml:18:13-56
28            android:exported="true" >
28-->src/main/AndroidManifest.xml:19:13-36
29            <intent-filter>
29-->src/main/AndroidManifest.xml:20:13-24:29
30                <action android:name="android.intent.action.MAIN" />
30-->src/main/AndroidManifest.xml:21:17-69
30-->src/main/AndroidManifest.xml:21:25-66
31
32                <category android:name="android.intent.category.LAUNCHER" />
32-->src/main/AndroidManifest.xml:23:17-77
32-->src/main/AndroidManifest.xml:23:27-74
33            </intent-filter>
34        </activity>
35    </application>
36
37</manifest>